<?xml version="1.0" encoding="UTF-8"?>
<testng-results total="1" passed="1" failed="0" skipped="0">
  <reporter-output>
  </reporter-output>
  <suite started-at="2020-10-08T05:50:03Z" name="Suite" finished-at="2020-10-08T05:50:10Z" duration-ms="7150">
    <groups>
    </groups>
    <test started-at="2020-10-08T05:50:03Z" name="Test" finished-at="2020-10-08T05:50:10Z" duration-ms="7150">
      <class name="tests.NewTest">
        <test-method is-config="true" signature="beforeClass()[pri:0, instance:tests.NewTest@6356695f]" started-at="2020-10-08T11:20:03Z" name="beforeClass" finished-at="2020-10-08T11:20:07Z" duration-ms="4137" status="PASS">
          <reporter-output>
          </reporter-output>
        </test-method> <!-- beforeClass -->
        <test-method signature="openMyBlog()[pri:0, instance:tests.NewTest@6356695f]" started-at="2020-10-08T11:20:07Z" name="openMyBlog" finished-at="2020-10-08T11:20:09Z" duration-ms="2397" status="PASS">
          <reporter-output>
          </reporter-output>
        </test-method> <!-- openMyBlog -->
        <test-method is-config="true" signature="afterClass()[pri:0, instance:tests.NewTest@6356695f]" started-at="2020-10-08T11:20:09Z" name="afterClass" finished-at="2020-10-08T11:20:10Z" duration-ms="606" status="PASS">
          <reporter-output>
          </reporter-output>
        </test-method> <!-- afterClass -->
      </class> <!-- tests.NewTest -->
    </test> <!-- Test -->
  </suite> <!-- Suite -->
</testng-results>
